# JRE version: OpenJDK Runtime Environment Corretto-17.0.6.10.1 (17.0.6+10) (build 17.0.6+10-LTS)
# Java VM: OpenJDK 64-Bit Server VM Corretto-17.0.6.10.1 (17.0.6+10-LTS, mixed mode, sharing, tiered, compressed oops, compressed class ptrs, g1 gc, linux-amd64)
GC Precious Log:
 CPUs: 4 total, 4 available
 Memory: 15880M
 Large Page Support: Disabled
 NUMA Support: Disabled
 Compressed Oops: Enabled (Zero based)
 Heap Region Size: 2M
 Heap Min Capacity: 8M
 Heap Initial Capacity: 250M
 Heap Max Capacity: 3972M
 Pre-touch: Disabled
 Parallel Workers: 4
 Concurrent Workers: 1
 Concurrent Refinement Workers: 4
 Periodic GC: Disabled
Heap:
 garbage-first heap   total 81920K, used 44026K [0x0000000707c00000, 0x0000000800000000)
  region size 2048K, 13 young (26624K), 2 survivors (4096K)
 Metaspace       used 59976K, committed 60288K, reserved 1105920K
  class space    used 8150K, committed 8320K, reserved 1048576K
GC Heap History (20 events):
Event: 0.762 GC heap before
{Heap before GC invocations=0 (full 0):
 garbage-first heap   total 260096K, used 12256K [0x0000000707c00000, 0x0000000800000000)
  region size 2048K, 6 young (12288K), 0 survivors (0K)
 Metaspace       used 2913K, committed 3072K, reserved 1056768K
  class space    used 281K, committed 384K, reserved 1048576K
}
Event: 0.771 GC heap after
{Heap after GC invocations=1 (full 0):
 garbage-first heap   total 260096K, used 7694K [0x0000000707c00000, 0x0000000800000000)
  region size 2048K, 1 young (2048K), 1 survivors (2048K)
 Metaspace       used 2913K, committed 3072K, reserved 1056768K
  class space    used 281K, committed 384K, reserved 1048576K
}
Event: 1.092 GC heap before
{Heap before GC invocations=1 (full 0):
 garbage-first heap   total 260096K, used 17934K [0x0000000707c00000, 0x0000000800000000)
  region size 2048K, 6 young (12288K), 1 survivors (2048K)
 Metaspace       used 5880K, committed 5952K, reserved 1056768K
  class space    used 668K, committed 704K, reserved 1048576K
}
Event: 1.101 GC heap after
{Heap after GC invocations=2 (full 0):
 garbage-first heap   total 260096K, used 8562K [0x0000000707c00000, 0x0000000800000000)
  region size 2048K, 1 young (2048K), 1 survivors (2048K)
 Metaspace       used 5880K, committed 5952K, reserved 1056768K
  class space    used 668K, committed 704K, reserved 1048576K
}
Event: 1.934 GC heap before
{Heap before GC invocations=2 (full 0):
 garbage-first heap   total 260096K, used 33138K [0x0000000707c00000, 0x0000000800000000)
  region size 2048K, 14 young (28672K), 1 survivors (2048K)
 Metaspace       used 12230K, committed 12480K, reserved 1064960K
  class space    used 1593K, committed 1728K, reserved 1048576K
}
Event: 1.943 GC heap after
{Heap after GC invocations=3 (full 0):
 garbage-first heap   total 260096K, used 10503K [0x0000000707c00000, 0x0000000800000000)
  region size 2048K, 2 young (4096K), 2 survivors (4096K)
 Metaspace       used 12230K, committed 12480K, reserved 1064960K
  class space    used 1593K, committed 1728K, reserved 1048576K
}
Event: 3.052 GC heap before
{Heap before GC invocations=3 (full 0):
 garbage-first heap   total 260096K, used 59655K [0x0000000707c00000, 0x0000000800000000)
  region size 2048K, 28 young (57344K), 2 survivors (4096K)
 Metaspace       used 21283K, committed 21504K, reserved 1073152K
  class space    used 2703K, committed 2816K, reserved 1048576K
}
Event: 3.066 GC heap after
{Heap after GC invocations=4 (full 0):
 garbage-first heap   total 260096K, used 13408K [0x0000000707c00000, 0x0000000800000000)
  region size 2048K, 3 young (6144K), 3 survivors (6144K)
 Metaspace       used 21283K, committed 21504K, reserved 1073152K
  class space    used 2703K, committed 2816K, reserved 1048576K
}
Event: 3.918 GC heap before
{Heap before GC invocations=5 (full 0):
 garbage-first heap   total 61440K, used 44128K [0x0000000707c00000, 0x0000000800000000)
  region size 2048K, 18 young (36864K), 3 survivors (6144K)
 Metaspace       used 26275K, committed 26560K, reserved 1073152K
  class space    used 3471K, committed 3584K, reserved 1048576K
}
Event: 3.930 GC heap after
{Heap after GC invocations=6 (full 0):
 garbage-first heap   total 61440K, used 16061K [0x0000000707c00000, 0x0000000800000000)
  region size 2048K, 3 young (6144K), 3 survivors (6144K)
 Metaspace       used 26275K, committed 26560K, reserved 1073152K
  class space    used 3471K, committed 3584K, reserved 1048576K
}
Event: 3.993 GC heap before
{Heap before GC invocations=6 (full 0):
 garbage-first heap   total 61440K, used 18109K [0x0000000707c00000, 0x0000000800000000)
  region size 2048K, 4 young (8192K), 3 survivors (6144K)
 Metaspace       used 26852K, committed 27136K, reserved 1073152K
  class space    used 3539K, committed 3712K, reserved 1048576K
}
Event: 3.999 GC heap after
{Heap after GC invocations=7 (full 0):
 garbage-first heap   total 159744K, used 16510K [0x0000000707c00000, 0x0000000800000000)
  region size 2048K, 1 young (2048K), 1 survivors (2048K)
 Metaspace       used 26852K, committed 27136K, reserved 1073152K
  class space    used 3539K, committed 3712K, reserved 1048576K
}
Event: 4.870 GC heap before
{Heap before GC invocations=7 (full 0):
 garbage-first heap   total 159744K, used 57470K [0x0000000707c00000, 0x0000000800000000)
  region size 2048K, 22 young (45056K), 1 survivors (2048K)
 Metaspace       used 35768K, committed 35968K, reserved 1081344K
  class space    used 4835K, committed 4928K, reserved 1048576K
}
Event: 4.877 GC heap after
{Heap after GC invocations=8 (full 0):
 garbage-first heap   total 159744K, used 18632K [0x0000000707c00000, 0x0000000800000000)
  region size 2048K, 2 young (4096K), 2 survivors (4096K)
 Metaspace       used 35768K, committed 35968K, reserved 1081344K
  class space    used 4835K, committed 4928K, reserved 1048576K
}
Event: 6.180 GC heap before
{Heap before GC invocations=9 (full 0):
 garbage-first heap   total 81920K, used 63688K [0x0000000707c00000, 0x0000000800000000)
  region size 2048K, 24 young (49152K), 2 survivors (4096K)
 Metaspace       used 50873K, committed 51264K, reserved 1097728K
  class space    used 6909K, committed 7104K, reserved 1048576K
}
Event: 6.191 GC heap after
{Heap after GC invocations=10 (full 0):
 garbage-first heap   total 81920K, used 22171K [0x0000000707c00000, 0x0000000800000000)
  region size 2048K, 3 young (6144K), 3 survivors (6144K)
 Metaspace       used 50873K, committed 51264K, reserved 1097728K
  class space    used 6909K, committed 7104K, reserved 1048576K
}
Event: 6.237 GC heap before
{Heap before GC invocations=10 (full 0):
 garbage-first heap   total 81920K, used 24219K [0x0000000707c00000, 0x0000000800000000)
  region size 2048K, 4 young (8192K), 3 survivors (6144K)
 Metaspace       used 51023K, committed 51328K, reserved 1097728K
  class space    used 6921K, committed 7104K, reserved 1048576K
}
Event: 6.251 GC heap after
{Heap after GC invocations=11 (full 0):
 garbage-first heap   total 81920K, used 23111K [0x0000000707c00000, 0x0000000800000000)
  region size 2048K, 1 young (2048K), 1 survivors (2048K)
 Metaspace       used 51023K, committed 51328K, reserved 1097728K
  class space    used 6921K, committed 7104K, reserved 1048576K
}
Event: 6.901 GC heap before
{Heap before GC invocations=11 (full 0):
 garbage-first heap   total 81920K, used 57927K [0x0000000707c00000, 0x0000000800000000)
  region size 2048K, 19 young (38912K), 1 survivors (2048K)
 Metaspace       used 56530K, committed 56832K, reserved 1105920K
  class space    used 7691K, committed 7872K, reserved 1048576K
}
Event: 6.911 GC heap after
{Heap after GC invocations=12 (full 0):
 garbage-first heap   total 81920K, used 25594K [0x0000000707c00000, 0x0000000800000000)
  region size 2048K, 2 young (4096K), 2 survivors (4096K)
 Metaspace       used 56530K, committed 56832K, reserved 1105920K
  class space    used 7691K, committed 7872K, reserved 1048576K
}

